  main.cpp
C:\Users\user\Projects\visual_studio\Gulliable_Adventures\Gulliable_Adventures\animation.h(51,66): warning C4244: '=': conversion from 'float' to 'T', possible loss of data
          with
          [
              T=int32_t
          ]
C:\Users\user\Projects\visual_studio\Gulliable_Adventures\Gulliable_Adventures\animation.h(77,71): warning C4244: '=': conversion from 'float' to 'T', possible loss of data
          with
          [
              T=int32_t
          ]
C:\Users\user\Projects\visual_studio\Gulliable_Adventures\Gulliable_Adventures\creature.h(28,39): warning C4244: '=': conversion from 'T' to 'T', possible loss of data
          with
          [
              T=float
          ]
          and
          [
              T=int32_t
          ]
C:\Users\user\Projects\visual_studio\Gulliable_Adventures\Gulliable_Adventures\creature.h(29,39): warning C4244: '=': conversion from 'T' to 'T', possible loss of data
          with
          [
              T=float
          ]
          and
          [
              T=int32_t
          ]
C:\Users\user\Projects\visual_studio\Gulliable_Adventures\Gulliable_Adventures\level_designs.h(69,74): warning C4244: 'argument': conversion from 'wchar_t' to 'char', possible loss of data
C:\Users\user\Projects\visual_studio\Gulliable_Adventures\Gulliable_Adventures\player.h(171,16): warning C4244: '=': conversion from 'int' to 'T', possible loss of data
          with
          [
              T=float
          ]
C:\Users\user\Projects\visual_studio\Gulliable_Adventures\Gulliable_Adventures\player.h(181,16): warning C4244: '=': conversion from 'int' to 'T', possible loss of data
          with
          [
              T=float
          ]
C:\Users\user\Projects\visual_studio\Gulliable_Adventures\Gulliable_Adventures\player.h(190,15): warning C4244: '=': conversion from 'int' to 'T', possible loss of data
          with
          [
              T=float
          ]
C:\Users\user\Projects\visual_studio\Gulliable_Adventures\Gulliable_Adventures\player.h(216,15): warning C4101: 'decal_ptr': unreferenced local variable
C:\Users\user\Projects\visual_studio\Gulliable_Adventures\Gulliable_Adventures\camera.h(57,110): warning C4244: '=': conversion from 'T' to 'T', possible loss of data
          with
          [
              T=int32_t
          ]
          and
          [
              T=float
          ]
C:\Users\user\Projects\visual_studio\Gulliable_Adventures\Gulliable_Adventures\camera.h(58,110): warning C4244: '=': conversion from 'T' to 'T', possible loss of data
          with
          [
              T=int32_t
          ]
          and
          [
              T=float
          ]
C:\Users\user\Projects\visual_studio\Gulliable_Adventures\Gulliable_Adventures\camera.h(90,61): warning C4244: '=': conversion from 'T' to 'T', possible loss of data
          with
          [
              T=float
          ]
          and
          [
              T=int32_t
          ]
C:\Users\user\Projects\visual_studio\Gulliable_Adventures\Gulliable_Adventures\camera.h(91,61): warning C4244: '=': conversion from 'T' to 'T', possible loss of data
          with
          [
              T=float
          ]
          and
          [
              T=int32_t
          ]
  Generating code
  Previous IPDB not found, fall back to full compilation.
  All 1775 functions were compiled because no usable IPDB/IOBJ from previous compilation was found.
  Finished generating code
  Gulliable_Adventures.vcxproj -> C:\Users\user\Projects\visual_studio\Gulliable_Adventures\x64\Release\Gulliable_Adventures.exe
C:\Users\user\Projects\visual_studio\Gulliable_Adventures\Gulliable_Adventures\olcPixelGameEngine.h(804): warning C26439: This kind of function may not throw. Declare it 'noexcept' (f.6).
C:\Users\user\Projects\visual_studio\Gulliable_Adventures\Gulliable_Adventures\olcPixelGameEngine.h(755): warning C26812: The enum type 'olc::Sprite::Mode' is unscoped. Prefer 'enum class' over 'enum' (Enum.3).
C:\Users\user\Projects\visual_studio\Gulliable_Adventures\Gulliable_Adventures\olcPixelGameEngine.h(1333): warning C26812: The enum type 'olc::rcode' is unscoped. Prefer 'enum class' over 'enum' (Enum.3).
C:\Users\user\Projects\visual_studio\Gulliable_Adventures\Gulliable_Adventures\olcPixelGameEngine.h(1338): warning C26451: Arithmetic overflow: Using operator '*' on a 4 byte value and then casting the result to a 8 byte value. Cast the value to the wider type before calling operator '*' to avoid overflow (io.2).
C:\Users\user\Projects\visual_studio\Gulliable_Adventures\Gulliable_Adventures\olcPixelGameEngine.h(1339): warning C26451: Arithmetic overflow: Using operator '*' on a 4 byte value and then casting the result to a 8 byte value. Cast the value to the wider type before calling operator '*' to avoid overflow (io.2).
C:\Users\user\Projects\visual_studio\Gulliable_Adventures\Gulliable_Adventures\olcPixelGameEngine.h(1366): warning C26451: Arithmetic overflow: Using operator '+' on a 4 byte value and then casting the result to a 8 byte value. Cast the value to the wider type before calling operator '+' to avoid overflow (io.2).
C:\Users\user\Projects\visual_studio\Gulliable_Adventures\Gulliable_Adventures\olcPixelGameEngine.h(1366): warning C26451: Arithmetic overflow: Using operator '*' on a 4 byte value and then casting the result to a 8 byte value. Cast the value to the wider type before calling operator '*' to avoid overflow (io.2).
C:\Users\user\Projects\visual_studio\Gulliable_Adventures\Gulliable_Adventures\olcPixelGameEngine.h(1368): warning C26451: Arithmetic overflow: Using operator '+' on a 4 byte value and then casting the result to a 8 byte value. Cast the value to the wider type before calling operator '+' to avoid overflow (io.2).
C:\Users\user\Projects\visual_studio\Gulliable_Adventures\Gulliable_Adventures\olcPixelGameEngine.h(1368): warning C26451: Arithmetic overflow: Using operator '*' on a 4 byte value and then casting the result to a 8 byte value. Cast the value to the wider type before calling operator '*' to avoid overflow (io.2).
C:\Users\user\Projects\visual_studio\Gulliable_Adventures\Gulliable_Adventures\olcPixelGameEngine.h(1359): warning C26451: Arithmetic overflow: Using operator '+' on a 4 byte value and then casting the result to a 8 byte value. Cast the value to the wider type before calling operator '+' to avoid overflow (io.2).
C:\Users\user\Projects\visual_studio\Gulliable_Adventures\Gulliable_Adventures\olcPixelGameEngine.h(1359): warning C26451: Arithmetic overflow: Using operator '*' on a 4 byte value and then casting the result to a 8 byte value. Cast the value to the wider type before calling operator '*' to avoid overflow (io.2).
C:\Users\user\Projects\visual_studio\Gulliable_Adventures\Gulliable_Adventures\olcPixelGameEngine.h(1376): warning C26451: Arithmetic overflow: Using operator '+' on a 4 byte value and then casting the result to a 8 byte value. Cast the value to the wider type before calling operator '+' to avoid overflow (io.2).
C:\Users\user\Projects\visual_studio\Gulliable_Adventures\Gulliable_Adventures\olcPixelGameEngine.h(1376): warning C26451: Arithmetic overflow: Using operator '*' on a 4 byte value and then casting the result to a 8 byte value. Cast the value to the wider type before calling operator '*' to avoid overflow (io.2).
C:\Users\user\Projects\visual_studio\Gulliable_Adventures\Gulliable_Adventures\olcPixelGameEngine.h(1425): warning C26451: Arithmetic overflow: Using operator '*' on a 4 byte value and then casting the result to a 8 byte value. Cast the value to the wider type before calling operator '*' to avoid overflow (io.2).
C:\Users\user\Projects\visual_studio\Gulliable_Adventures\Gulliable_Adventures\olcPixelGameEngine.h(1105): warning C26812: The enum type 'olc::Pixel::Mode' is unscoped. Prefer 'enum class' over 'enum' (Enum.3).
C:\Users\user\Projects\visual_studio\Gulliable_Adventures\Gulliable_Adventures\olcPixelGameEngine.h(1839): warning C26812: The enum type 'olc::Key' is unscoped. Prefer 'enum class' over 'enum' (Enum.3).
C:\Users\user\Projects\visual_studio\Gulliable_Adventures\Gulliable_Adventures\olcPixelGameEngine.h(2802): warning C26451: Arithmetic overflow: Using operator '-' on a 4 byte value and then casting the result to a 8 byte value. Cast the value to the wider type before calling operator '-' to avoid overflow (io.2).
C:\Users\user\Projects\visual_studio\Gulliable_Adventures\Gulliable_Adventures\olcPixelGameEngine.h(2802): warning C26451: Arithmetic overflow: Using operator '-' on a 4 byte value and then casting the result to a 8 byte value. Cast the value to the wider type before calling operator '-' to avoid overflow (io.2).
C:\Users\user\Projects\visual_studio\Gulliable_Adventures\Gulliable_Adventures\olcPixelGameEngine.h(2803): warning C26451: Arithmetic overflow: Using operator '-' on a 4 byte value and then casting the result to a 8 byte value. Cast the value to the wider type before calling operator '-' to avoid overflow (io.2).
C:\Users\user\Projects\visual_studio\Gulliable_Adventures\Gulliable_Adventures\olcPixelGameEngine.h(2848): warning C26451: Arithmetic overflow: Using operator '-' on a 4 byte value and then casting the result to a 8 byte value. Cast the value to the wider type before calling operator '-' to avoid overflow (io.2).
C:\Users\user\Projects\visual_studio\Gulliable_Adventures\Gulliable_Adventures\olcPixelGameEngine.h(2848): warning C26451: Arithmetic overflow: Using operator '-' on a 4 byte value and then casting the result to a 8 byte value. Cast the value to the wider type before calling operator '-' to avoid overflow (io.2).
C:\Users\user\Projects\visual_studio\Gulliable_Adventures\Gulliable_Adventures\olcPixelGameEngine.h(2849): warning C26451: Arithmetic overflow: Using operator '-' on a 4 byte value and then casting the result to a 8 byte value. Cast the value to the wider type before calling operator '-' to avoid overflow (io.2).
C:\Users\user\Projects\visual_studio\Gulliable_Adventures\Gulliable_Adventures\olcPixelGameEngine.h(2928): warning C26451: Arithmetic overflow: Using operator '-' on a 4 byte value and then casting the result to a 8 byte value. Cast the value to the wider type before calling operator '-' to avoid overflow (io.2).
C:\Users\user\Projects\visual_studio\Gulliable_Adventures\Gulliable_Adventures\olcPixelGameEngine.h(2968): warning C26451: Arithmetic overflow: Using operator '-' on a 4 byte value and then casting the result to a 8 byte value. Cast the value to the wider type before calling operator '-' to avoid overflow (io.2).
C:\Users\user\Projects\visual_studio\Gulliable_Adventures\Gulliable_Adventures\olcPixelGameEngine.h(2970): warning C26451: Arithmetic overflow: Using operator '-' on a 4 byte value and then casting the result to a 8 byte value. Cast the value to the wider type before calling operator '-' to avoid overflow (io.2).
C:\Users\user\Projects\visual_studio\Gulliable_Adventures\Gulliable_Adventures\olcPixelGameEngine.h(2977): warning C26451: Arithmetic overflow: Using operator '-' on a 4 byte value and then casting the result to a 8 byte value. Cast the value to the wider type before calling operator '-' to avoid overflow (io.2).
C:\Users\user\Projects\visual_studio\Gulliable_Adventures\Gulliable_Adventures\olcPixelGameEngine.h(2979): warning C26451: Arithmetic overflow: Using operator '-' on a 4 byte value and then casting the result to a 8 byte value. Cast the value to the wider type before calling operator '-' to avoid overflow (io.2).
C:\Users\user\Projects\visual_studio\Gulliable_Adventures\Gulliable_Adventures\olcPixelGameEngine.h(2982): warning C26451: Arithmetic overflow: Using operator '-' on a 4 byte value and then casting the result to a 8 byte value. Cast the value to the wider type before calling operator '-' to avoid overflow (io.2).
C:\Users\user\Projects\visual_studio\Gulliable_Adventures\Gulliable_Adventures\olcPixelGameEngine.h(4346): warning C26451: Arithmetic overflow: Using operator '*' on a 4 byte value and then casting the result to a 8 byte value. Cast the value to the wider type before calling operator '*' to avoid overflow (io.2).
C:\Users\user\Projects\visual_studio\Gulliable_Adventures\Gulliable_Adventures\level_designs.h(69): warning C26451: Arithmetic overflow: Using operator '+' on a 4 byte value and then casting the result to a 8 byte value. Cast the value to the wider type before calling operator '+' to avoid overflow (io.2).
C:\Users\user\Projects\visual_studio\Gulliable_Adventures\Gulliable_Adventures\player.h(24): warning C26495: Variable 'PlayerSpriteSheets::px_height' is uninitialized. Always initialize a member variable (type.6).
